<?xml version="1.0" encoding="UTF-8"?>
<!-- Generated by org.testng.reporters.JUnitXMLReporter -->
<testsuite ignored="2" hostname="Aditya-PC" failures="1" tests="7" name="Test" time="53.916" errors="0" timestamp="07 Oct 2021 22:30:13 GMT">
  <testcase classname="com.wbl.test.LoginPageTest" name="login" time="0.879"/>
  <testcase classname="com.wbl.test.LoginPageTest" name="login" time="1.074"/>
  <testcase classname="com.wbl.test.LoginPageTest" name="login" time="0.941"/>
  <testcase classname="com.wbl.test.LoginPageTest" name="login" time="1.004"/>
  <testcase classname="com.wbl.test.HomePageTest" name="slideCount" time="0.062"/>
  <testcase classname="com.wbl.test.HomePageTest" name="verifylogo" time="0.144">
    <failure type="java.lang.AssertionError" message="expected [false] but found [true]">
      <![CDATA[java.lang.AssertionError: expected [false] but found [true]
at com.wbl.test.HomePageTest.verifylogo(HomePageTest.java:22)
... Removed 31 stack frames]]>
    </failure>
  </testcase> <!-- verifylogo -->
  <testcase classname="com.wbl.test.RegisterPageTest" name="Register" time="1.264"/>
  <testcase classname="com.wbl.base.BaseTest" name="@BeforeSuite beforeSuite" time="0.0">
    <ignored/>
  </testcase> <!-- @BeforeSuite beforeSuite -->
  <testcase classname="com.wbl.base.BaseTest" name="@BeforeSuite beforeSuite" time="0.0">
    <ignored/>
  </testcase> <!-- @BeforeSuite beforeSuite -->
</testsuite> <!-- Test -->
