<?xml version="1.0" encoding="UTF-8"?>
<!-- Generated by org.testng.reporters.JUnitXMLReporter -->
<testsuite hostname="Aditya-PC" ignored="2" name="Test" tests="7" failures="1" timestamp="28 Oct 2021 02:33:24 GMT" time="61.271" errors="0">
  <testcase name="login" time="1.014" classname="com.wbl.test.LoginPageTest"/>
  <testcase name="login" time="0.808" classname="com.wbl.test.LoginPageTest"/>
  <testcase name="login" time="0.846" classname="com.wbl.test.LoginPageTest"/>
  <testcase name="login" time="0.648" classname="com.wbl.test.LoginPageTest"/>
  <testcase name="slideCount" time="0.071" classname="com.wbl.test.HomePageTest"/>
  <testcase name="verifylogo" time="0.119" classname="com.wbl.test.HomePageTest">
    <failure type="java.lang.AssertionError" message="expected [false] but found [true]">
      <![CDATA[java.lang.AssertionError: expected [false] but found [true]
at com.wbl.test.HomePageTest.verifylogo(HomePageTest.java:22)
... Removed 35 stack frames]]>
    </failure>
  </testcase> <!-- verifylogo -->
  <testcase name="Register" time="0.989" classname="com.wbl.test.RegisterPageTest"/>
  <testcase name="@BeforeSuite beforeSuite" time="0.0" classname="com.wbl.base.BaseTest">
    <ignored/>
  </testcase> <!-- @BeforeSuite beforeSuite -->
  <testcase name="@BeforeSuite beforeSuite" time="0.0" classname="com.wbl.base.BaseTest">
    <ignored/>
  </testcase> <!-- @BeforeSuite beforeSuite -->
</testsuite> <!-- Test -->
