<?xml version="1.0" encoding="UTF-8"?>
<testng-results skipped="0" failed="1" ignored="2" total="9" passed="6">
  <reporter-output>
  </reporter-output>
  <suite name="Suite" duration-ms="61271" started-at="2021-10-28T02:32:23Z" finished-at="2021-10-28T02:33:24Z">
    <groups>
      <group name="regression">
        <method signature="HomePageTest.verifylogo()[pri:0, instance:com.wbl.test.HomePageTest@7a52f2a2]" name="verifylogo" class="com.wbl.test.HomePageTest"/>
        <method signature="LoginPageTest.login(java.lang.String, java.lang.String)[pri:0, instance:com.wbl.test.LoginPageTest@69930714]" name="login" class="com.wbl.test.LoginPageTest"/>
      </group> <!-- regression -->
      <group name="sanity">
        <method signature="HomePageTest.slideCount()[pri:0, instance:com.wbl.test.HomePageTest@7a52f2a2]" name="slideCount" class="com.wbl.test.HomePageTest"/>
        <method signature="RegisterPageTest.Register()[pri:0, instance:com.wbl.test.RegisterPageTest@78047b92]" name="Register" class="com.wbl.test.RegisterPageTest"/>
      </group> <!-- sanity -->
    </groups>
    <test name="Test" duration-ms="61271" started-at="2021-10-28T02:32:23Z" finished-at="2021-10-28T02:33:24Z">
      <class name="com.wbl.test.RegisterPageTest">
        <test-method status="PASS" signature="setUp()[pri:0, instance:com.wbl.test.RegisterPageTest@78047b92]" name="setUp" is-config="true" duration-ms="5214" started-at="2021-10-28T02:33:17Z" finished-at="2021-10-28T02:33:22Z">
          <reporter-output>
          </reporter-output>
        </test-method> <!-- setUp -->
        <test-method status="PASS" signature="Register()[pri:0, instance:com.wbl.test.RegisterPageTest@78047b92]" name="Register" duration-ms="989" started-at="2021-10-28T02:33:22Z" finished-at="2021-10-28T02:33:23Z">
          <reporter-output>
          </reporter-output>
        </test-method> <!-- Register -->
        <test-method status="PASS" signature="teardown(org.testng.ITestResult)[pri:0, instance:com.wbl.test.RegisterPageTest@78047b92]" name="teardown" is-config="true" duration-ms="647" started-at="2021-10-28T02:33:23Z" finished-at="2021-10-28T02:33:24Z">
          <params>
            <param index="0">
              <value>
                <![CDATA[[TestResult name=Register status=SUCCESS method=RegisterPageTest.Register()[pri:0, instance:com.wbl.test.RegisterPageTest@78047b92] output={null}]]]>
              </value>
            </param>
          </params>
          <reporter-output>
          </reporter-output>
        </test-method> <!-- teardown -->
      </class> <!-- com.wbl.test.RegisterPageTest -->
      <class name="com.wbl.test.HomePageTest">
        <test-method status="PASS" signature="setUp()[pri:0, instance:com.wbl.test.HomePageTest@7a52f2a2]" name="setUp" is-config="true" duration-ms="5162" started-at="2021-10-28T02:33:04Z" finished-at="2021-10-28T02:33:09Z">
          <reporter-output>
          </reporter-output>
        </test-method> <!-- setUp -->
        <test-method status="PASS" signature="slideCount()[pri:0, instance:com.wbl.test.HomePageTest@7a52f2a2]" name="slideCount" duration-ms="71" started-at="2021-10-28T02:33:09Z" finished-at="2021-10-28T02:33:09Z">
          <reporter-output>
          </reporter-output>
        </test-method> <!-- slideCount -->
        <test-method status="PASS" signature="teardown(org.testng.ITestResult)[pri:0, instance:com.wbl.test.HomePageTest@7a52f2a2]" name="teardown" is-config="true" duration-ms="658" started-at="2021-10-28T02:33:09Z" finished-at="2021-10-28T02:33:09Z">
          <params>
            <param index="0">
              <value>
                <![CDATA[[TestResult name=slideCount status=SUCCESS method=HomePageTest.slideCount()[pri:0, instance:com.wbl.test.HomePageTest@7a52f2a2] output={null}]]]>
              </value>
            </param>
          </params>
          <reporter-output>
          </reporter-output>
        </test-method> <!-- teardown -->
        <test-method status="PASS" signature="setUp()[pri:0, instance:com.wbl.test.HomePageTest@7a52f2a2]" name="setUp" is-config="true" duration-ms="6321" started-at="2021-10-28T02:33:09Z" finished-at="2021-10-28T02:33:16Z">
          <reporter-output>
          </reporter-output>
        </test-method> <!-- setUp -->
        <test-method status="FAIL" signature="verifylogo()[pri:0, instance:com.wbl.test.HomePageTest@7a52f2a2]" name="verifylogo" duration-ms="119" started-at="2021-10-28T02:33:16Z" depends-on-methods="com.wbl.test.HomePageTest.slideCount" finished-at="2021-10-28T02:33:16Z">
          <exception class="java.lang.AssertionError">
            <message>
              <![CDATA[expected [false] but found [true]]]>
            </message>
            <full-stacktrace>
              <![CDATA[java.lang.AssertionError: expected [false] but found [true]
at org.testng.Assert.fail(Assert.java:96)
at org.testng.Assert.failNotEquals(Assert.java:776)
at org.testng.Assert.assertEqualsImpl(Assert.java:137)
at org.testng.Assert.assertEquals(Assert.java:118)
at org.testng.Assert.assertEquals(Assert.java:568)
at org.testng.Assert.assertEquals(Assert.java:578)
at com.wbl.test.HomePageTest.verifylogo(HomePageTest.java:22)
at sun.reflect.NativeMethodAccessorImpl.invoke0(Native Method)
at sun.reflect.NativeMethodAccessorImpl.invoke(NativeMethodAccessorImpl.java:62)
at sun.reflect.DelegatingMethodAccessorImpl.invoke(DelegatingMethodAccessorImpl.java:43)
at java.lang.reflect.Method.invoke(Method.java:498)
at org.testng.internal.MethodInvocationHelper.invokeMethod(MethodInvocationHelper.java:124)
at org.testng.internal.Invoker.invokeMethod(Invoker.java:583)
at org.testng.internal.Invoker.invokeTestMethod(Invoker.java:719)
at org.testng.internal.Invoker.invokeTestMethods(Invoker.java:989)
at org.testng.internal.TestMethodWorker.invokeTestMethods(TestMethodWorker.java:125)
at org.testng.internal.TestMethodWorker.run(TestMethodWorker.java:109)
at org.testng.TestRunner.privateRun(TestRunner.java:648)
at org.testng.TestRunner.run(TestRunner.java:505)
at org.testng.SuiteRunner.runTest(SuiteRunner.java:455)
at org.testng.SuiteRunner.runSequentially(SuiteRunner.java:450)
at org.testng.SuiteRunner.privateRun(SuiteRunner.java:415)
at org.testng.SuiteRunner.run(SuiteRunner.java:364)
at org.testng.SuiteRunnerWorker.runSuite(SuiteRunnerWorker.java:52)
at org.testng.SuiteRunnerWorker.run(SuiteRunnerWorker.java:84)
at org.testng.TestNG.runSuitesSequentially(TestNG.java:1208)
at org.testng.TestNG.runSuitesLocally(TestNG.java:1137)
at org.testng.TestNG.runSuites(TestNG.java:1049)
at org.testng.TestNG.run(TestNG.java:1017)
at org.apache.maven.surefire.testng.TestNGExecutor.run(TestNGExecutor.java:283)
at org.apache.maven.surefire.testng.TestNGXmlTestSuite.execute(TestNGXmlTestSuite.java:75)
at org.apache.maven.surefire.testng.TestNGProvider.invoke(TestNGProvider.java:120)
at org.apache.maven.surefire.booter.ForkedBooter.invokeProviderInSameClassLoader(ForkedBooter.java:384)
at org.apache.maven.surefire.booter.ForkedBooter.runSuitesInProcess(ForkedBooter.java:345)
at org.apache.maven.surefire.booter.ForkedBooter.execute(ForkedBooter.java:126)
at org.apache.maven.surefire.booter.ForkedBooter.main(ForkedBooter.java:418)
]]>
            </full-stacktrace>
          </exception> <!-- java.lang.AssertionError -->
          <reporter-output>
          </reporter-output>
        </test-method> <!-- verifylogo -->
        <test-method status="PASS" signature="teardown(org.testng.ITestResult)[pri:0, instance:com.wbl.test.HomePageTest@7a52f2a2]" name="teardown" is-config="true" duration-ms="1124" started-at="2021-10-28T02:33:16Z" finished-at="2021-10-28T02:33:17Z">
          <params>
            <param index="0">
              <value>
                <![CDATA[[TestResult name=verifylogo status=FAILURE method=HomePageTest.verifylogo()[pri:0, instance:com.wbl.test.HomePageTest@7a52f2a2] output={null}]]]>
              </value>
            </param>
          </params>
          <reporter-output>
          </reporter-output>
        </test-method> <!-- teardown -->
      </class> <!-- com.wbl.test.HomePageTest -->
      <class name="com.wbl.test.LoginPageTest">
        <test-method status="PASS" signature="beforeSuite()[pri:0, instance:com.wbl.test.LoginPageTest@69930714]" name="beforeSuite" is-config="true" duration-ms="14" started-at="2021-10-28T02:32:23Z" finished-at="2021-10-28T02:32:23Z">
          <reporter-output>
          </reporter-output>
        </test-method> <!-- beforeSuite -->
        <test-method status="PASS" signature="setUp()[pri:0, instance:com.wbl.test.LoginPageTest@69930714]" name="setUp" is-config="true" duration-ms="13597" started-at="2021-10-28T02:32:25Z" finished-at="2021-10-28T02:32:38Z">
          <reporter-output>
          </reporter-output>
        </test-method> <!-- setUp -->
        <test-method status="PASS" signature="login(java.lang.String, java.lang.String)[pri:0, instance:com.wbl.test.LoginPageTest@69930714]" name="login" duration-ms="1014" started-at="2021-10-28T02:32:38Z" data-provider="loginData" finished-at="2021-10-28T02:32:39Z">
          <params>
            <param index="0">
              <value>
                <![CDATA[suneetha.vemulapalli@hotmail.com]]>
              </value>
            </param>
            <param index="1">
              <value>
                <![CDATA[SanRamon2021]]>
              </value>
            </param>
          </params>
          <reporter-output>
          </reporter-output>
        </test-method> <!-- login -->
        <test-method status="PASS" signature="teardown(org.testng.ITestResult)[pri:0, instance:com.wbl.test.LoginPageTest@69930714]" name="teardown" is-config="true" duration-ms="706" started-at="2021-10-28T02:32:39Z" finished-at="2021-10-28T02:32:40Z">
          <params>
            <param index="0">
              <value>
                <![CDATA[[TestResult name=login status=SUCCESS method=LoginPageTest.login(java.lang.String, java.lang.String)[pri:0, instance:com.wbl.test.LoginPageTest@69930714] output={null}]]]>
              </value>
            </param>
          </params>
          <reporter-output>
          </reporter-output>
        </test-method> <!-- teardown -->
        <test-method status="PASS" signature="setUp()[pri:0, instance:com.wbl.test.LoginPageTest@69930714]" name="setUp" is-config="true" duration-ms="5536" started-at="2021-10-28T02:32:40Z" finished-at="2021-10-28T02:32:46Z">
          <reporter-output>
          </reporter-output>
        </test-method> <!-- setUp -->
        <test-method status="PASS" signature="login(java.lang.String, java.lang.String)[pri:0, instance:com.wbl.test.LoginPageTest@69930714]" name="login" duration-ms="808" started-at="2021-10-28T02:32:46Z" data-provider="loginData" finished-at="2021-10-28T02:32:46Z">
          <params>
            <param index="0">
              <value>
                <![CDATA[Murali.vemulapalli@hotmail.com]]>
              </value>
            </param>
            <param index="1">
              <value>
                <![CDATA[SanRamon2021]]>
              </value>
            </param>
          </params>
          <reporter-output>
          </reporter-output>
        </test-method> <!-- login -->
        <test-method status="PASS" signature="teardown(org.testng.ITestResult)[pri:0, instance:com.wbl.test.LoginPageTest@69930714]" name="teardown" is-config="true" duration-ms="667" started-at="2021-10-28T02:32:46Z" finished-at="2021-10-28T02:32:47Z">
          <params>
            <param index="0">
              <value>
                <![CDATA[[TestResult name=login status=SUCCESS method=LoginPageTest.login(java.lang.String, java.lang.String)[pri:0, instance:com.wbl.test.LoginPageTest@69930714] output={null}]]]>
              </value>
            </param>
          </params>
          <reporter-output>
          </reporter-output>
        </test-method> <!-- teardown -->
        <test-method status="PASS" signature="setUp()[pri:0, instance:com.wbl.test.LoginPageTest@69930714]" name="setUp" is-config="true" duration-ms="7462" started-at="2021-10-28T02:32:47Z" finished-at="2021-10-28T02:32:55Z">
          <reporter-output>
          </reporter-output>
        </test-method> <!-- setUp -->
        <test-method status="PASS" signature="login(java.lang.String, java.lang.String)[pri:0, instance:com.wbl.test.LoginPageTest@69930714]" name="login" duration-ms="846" started-at="2021-10-28T02:32:55Z" data-provider="loginData" finished-at="2021-10-28T02:32:55Z">
          <params>
            <param index="0">
              <value>
                <![CDATA[aditya.vemulapalli@hotmail.com]]>
              </value>
            </param>
            <param index="1">
              <value>
                <![CDATA[SanRamon2021]]>
              </value>
            </param>
          </params>
          <reporter-output>
          </reporter-output>
        </test-method> <!-- login -->
        <test-method status="PASS" signature="teardown(org.testng.ITestResult)[pri:0, instance:com.wbl.test.LoginPageTest@69930714]" name="teardown" is-config="true" duration-ms="671" started-at="2021-10-28T02:32:55Z" finished-at="2021-10-28T02:32:56Z">
          <params>
            <param index="0">
              <value>
                <![CDATA[[TestResult name=login status=SUCCESS method=LoginPageTest.login(java.lang.String, java.lang.String)[pri:0, instance:com.wbl.test.LoginPageTest@69930714] output={null}]]]>
              </value>
            </param>
          </params>
          <reporter-output>
          </reporter-output>
        </test-method> <!-- teardown -->
        <test-method status="PASS" signature="setUp()[pri:0, instance:com.wbl.test.LoginPageTest@69930714]" name="setUp" is-config="true" duration-ms="6160" started-at="2021-10-28T02:32:56Z" finished-at="2021-10-28T02:33:02Z">
          <reporter-output>
          </reporter-output>
        </test-method> <!-- setUp -->
        <test-method status="PASS" signature="login(java.lang.String, java.lang.String)[pri:0, instance:com.wbl.test.LoginPageTest@69930714]" name="login" duration-ms="648" started-at="2021-10-28T02:33:02Z" data-provider="loginData" finished-at="2021-10-28T02:33:03Z">
          <params>
            <param index="0">
              <value>
                <![CDATA[vemulapallimk@hotmail.com]]>
              </value>
            </param>
            <param index="1">
              <value>
                <![CDATA[SanRamon2021]]>
              </value>
            </param>
          </params>
          <reporter-output>
          </reporter-output>
        </test-method> <!-- login -->
        <test-method status="PASS" signature="teardown(org.testng.ITestResult)[pri:0, instance:com.wbl.test.LoginPageTest@69930714]" name="teardown" is-config="true" duration-ms="648" started-at="2021-10-28T02:33:03Z" finished-at="2021-10-28T02:33:04Z">
          <params>
            <param index="0">
              <value>
                <![CDATA[[TestResult name=login status=SUCCESS method=LoginPageTest.login(java.lang.String, java.lang.String)[pri:0, instance:com.wbl.test.LoginPageTest@69930714] output={null}]]]>
              </value>
            </param>
          </params>
          <reporter-output>
          </reporter-output>
        </test-method> <!-- teardown -->
      </class> <!-- com.wbl.test.LoginPageTest -->
    </test> <!-- Test -->
  </suite> <!-- Suite -->
</testng-results>
